commit 83bab05f3081c9b65a68fccf686d8b5a68ad3d62
Author: geetasrinivaas <75203056+geetasrinivaas@users.noreply.github.com>
Date:   Sat Feb 20 18:33:29 2021 +0530

    Update index.jsp

commit 770c1574c9dfe5d96f7e07c9076c8e4d02213da0
Author: geetasrinivaas <75203056+geetasrinivaas@users.noreply.github.com>
Date:   Sat Feb 20 18:31:59 2021 +0530

    Update index.jsp

commit dff69e524b4c1c578b43678f60497e3835551d2b
Author: geetasrinivaas <75203056+geetasrinivaas@users.noreply.github.com>
Date:   Sat Feb 20 18:29:30 2021 +0530

    Update index.jsp

commit 6f673e271980af536d190c5ab038b79ab7089ffd
Author: geetasrinivaas <srinivaas@live.com>
Date:   Sat Feb 13 11:10:41 2021 +0530

    .

commit 52ba8221248e7428844d8f7bd02b3aa393c1d831
Author: geetasrinivaas <srinivaas@live.com>
Date:   Sat Jan 30 13:07:01 2021 +0530

    .

commit a7dc67378a0b3788b0e965fe85983729884534ab
Author: geetasrinivaas <75203056+geetasrinivaas@users.noreply.github.com>
Date:   Fri Jan 29 21:51:23 2021 +0530

    Create README.md

commit 77170696c44e3f2f4ce0315215e495797843f87c
Author: geetasrinivaas <srinivaas@live.com>
Date:   Fri Jan 29 21:50:18 2021 +0530

    .

commit 571017ce6382413398777bb47b30c765ca8a4447
Author: geetasrinivaas <srinivaas@live.com>
Date:   Sun Jan 3 11:50:30 2021 +0530

    .

commit 7ab7653fa4b360bc0c15414254b6319332619191
Author: geetasrinivaas <75203056+geetasrinivaas@users.noreply.github.com>
Date:   Sun Jan 3 11:47:23 2021 +0530

    Initial commit
